<?xml version="1.0" encoding="UTF-8"?>
<!-- Generated by org.testng.reporters.JUnitXMLReporter -->
<testsuite hostname="LAPTOP-QS6OB0P6" name="Default test(failed)" tests="1" failures="0" timestamp="22 Apr 2022 14:25:52 GMT" time="0.011" errors="0">
  <testcase name="@BeforeClass LaunchBrowser" time="0.0" classname="org.tech.SimpleTestNG">
    <failure type="java.lang.IllegalStateException" message="The path to the driver executable The path to the driver executable must be set by the webdriver.chrome.driver system property; for more information, see https://github.com/SeleniumHQ/selenium/wiki/ChromeDriver. The latest version can be downloaded from https://chromedriver.storage.googleapis.com/index.html">
      <![CDATA[java.lang.IllegalStateException: The path to the driver executable The path to the driver executable must be set by the webdriver.chrome.driver system property; for more information, see https://github.com/SeleniumHQ/selenium/wiki/ChromeDriver. The latest version can be downloaded from https://chromedriver.storage.googleapis.com/index.html
	at org.openqa.selenium.internal.Require$StateChecker.nonNull(Require.java:311)
	at org.openqa.selenium.remote.service.DriverService.findExecutable(DriverService.java:135)
	at org.openqa.selenium.chrome.ChromeDriverService.access$000(ChromeDriverService.java:38)
	at org.openqa.selenium.chrome.ChromeDriverService$Builder.findDefaultExecutable(ChromeDriverService.java:231)
	at org.openqa.selenium.remote.service.DriverService$Builder.build(DriverService.java:437)
	at org.openqa.selenium.chrome.ChromeDriverService.createDefaultService(ChromeDriverService.java:127)
	at org.openqa.selenium.chrome.ChromeDriver.<init>(ChromeDriver.java:48)
	at org.tech.SimpleTestNG.LaunchBrowser(SimpleTestNG.java:20)
... Removed 24 stack frames]]>
    </failure>
  </testcase> <!-- @BeforeClass LaunchBrowser -->
  <testcase name="@BeforeMethod StartTime" time="0.0" classname="org.tech.SimpleTestNG">
    <skipped/>
  </testcase> <!-- @BeforeMethod StartTime -->
  <testcase name="@AfterMethod EndDate" time="0.0" classname="org.tech.SimpleTestNG">
    <skipped/>
  </testcase> <!-- @AfterMethod EndDate -->
  <testcase name="@AfterClass QuitBrowser" time="0.0" classname="org.tech.SimpleTestNG">
    <skipped/>
  </testcase> <!-- @AfterClass QuitBrowser -->
  <testcase name="URLLaunch" time="0.0" classname="org.tech.SimpleTestNG">
    <skipped/>
  </testcase> <!-- URLLaunch -->
</testsuite> <!-- Default test(failed) -->
